<?xml version="1.0" encoding="UTF-8"?>
<testng-results ignored="0" total="1" passed="1" failed="0" skipped="0">
  <reporter-output>
  </reporter-output>
  <suite started-at="2021-09-29T05:30:45Z" name="Default suite" finished-at="2021-09-29T05:31:09Z" duration-ms="23561">
    <groups>
    </groups>
    <test started-at="2021-09-29T05:30:45Z" name="Default test" finished-at="2021-09-29T05:31:09Z" duration-ms="23561">
      <class name="com.testcases.Testcaseorange">
        <test-method is-config="true" signature="setup()[pri:0, instance:com.testcases.Testcaseorange@68d279ec]" started-at="2021-09-29T11:00:45Z" name="setup" finished-at="2021-09-29T11:01:02Z" duration-ms="16712" status="PASS">
          <reporter-output>
          </reporter-output>
        </test-method> <!-- setup -->
        <test-method signature="Loginpagetest()[pri:0, instance:com.testcases.Testcaseorange@68d279ec]" started-at="2021-09-29T11:01:02Z" name="Loginpagetest" finished-at="2021-09-29T11:01:09Z" duration-ms="6723" status="PASS">
          <reporter-output>
          </reporter-output>
        </test-method> <!-- Loginpagetest -->
        <test-method is-config="true" signature="closesetup()[pri:0, instance:com.testcases.Testcaseorange@68d279ec]" started-at="2021-09-29T11:01:09Z" name="closesetup" finished-at="2021-09-29T11:01:09Z" duration-ms="114" status="PASS">
          <reporter-output>
          </reporter-output>
        </test-method> <!-- closesetup -->
      </class> <!-- com.testcases.Testcaseorange -->
    </test> <!-- Default test -->
  </suite> <!-- Default suite -->
</testng-results>
